<?xml version="1.0" encoding="UTF-8"?>
<!-- Generated by org.testng.reporters.JUnitReportReporter -->
<testsuite hostname="DESKTOP-NQ2L7NS" failures="0" tests="2" name="Frame_Test.ActionClass3Test" time="18.598" errors="0" timestamp="25 Jul 2023 11:15:02 GMT" skipped="0">
  <testcase classname="Frame_Test.ActionClass3Test" name="learnmore" time="7.949"/>
  <testcase classname="Frame_Test.ActionClass3Test" name="learnmore" time="10.649"/>
</testsuite> <!-- Frame_Test.ActionClass3Test -->
