<?xml version="1.0" encoding="UTF-8"?>
<!-- Generated by org.testng.reporters.JUnitReportReporter -->
<testsuite hostname="DESKTOP-NQ2L7NS" failures="0" tests="1" name="Frame_Test.ActionClass2Test" time="12.162" errors="0" timestamp="25 Jul 2023 11:15:02 GMT" skipped="0">
  <testcase classname="Frame_Test.ActionClass2Test" name="google" time="12.162"/>
</testsuite> <!-- Frame_Test.ActionClass2Test -->
