<?xml version="1.0" encoding="UTF-8"?>
<!-- Generated by org.testng.reporters.JUnitReportReporter -->
<testsuite hostname="DESKTOP-NQ2L7NS" failures="0" tests="1" name="Frame_Test.ActionClassTest" time="18.495" errors="0" timestamp="25 Jul 2023 11:15:02 GMT" skipped="0">
  <testcase classname="Frame_Test.ActionClassTest" name="action" time="18.495"/>
</testsuite> <!-- Frame_Test.ActionClassTest -->
