<?xml version="1.0" encoding="UTF-8"?>
<!-- Generated by org.testng.reporters.JUnitReportReporter -->
<testsuite skipped="0" hostname="DESKTOP-NQ2L7NS" name="Frame_Test.ActionClass3Test" tests="1" failures="0" timestamp="27 Jul 2023 05:31:04 GMT" time="9.944" errors="0">
  <testcase name="learnmore" time="9.944" classname="Frame_Test.ActionClass3Test"/>
</testsuite> <!-- Frame_Test.ActionClass3Test -->
