<?xml version="1.0" encoding="UTF-8"?>
<!-- Generated by org.testng.reporters.JUnitReportReporter -->
<testsuite skipped="0" hostname="DESKTOP-NQ2L7NS" name="Frame_Test.ActionClassTest" tests="1" failures="0" timestamp="27 Jul 2023 05:31:04 GMT" time="18.527" errors="0">
  <testcase name="action" time="18.527" classname="Frame_Test.ActionClassTest"/>
</testsuite> <!-- Frame_Test.ActionClassTest -->
